{
  "RSpec": {
    "coverage": {
      "/home/ilab/resourcemap/config/environment.rb": [
        null,
        1,
        null,
        null,
        1
      ],
      "/home/ilab/resourcemap/config/application.rb": [
        1,
        null,
        1,
        1,
        1,
        1,
        1,
        1,
        null,
        1,
        null,
        1,
        null,
        null,
        null,
        null,
        1,
        1,
        null,
        null,
        null,
        null,
        null,
        null,
        1,
        1,
        1,
        null,
        null,
        1,
        1,
        15,
        null,
        null,
        null,
        null,
        null,
        null,
        null,
        null,
        null,
        null,
        null,
        null,
        null,
        null,
        null,
        1,
        null,
        null,
        1,
        1,
        null,
        null,
        1,
        null,
        null,
        1,
        null,
        null,
        null,
        null,
        null,
        null,
        null,
        null,
        null,
        null,
        1,
        null,
        null,
        1,
        null,
        null,
        null,
        1,
        null,
        null,
        1,
        null,
        1,
        1,
        null,
        1,
        1,
        null,
        1,
        1,
        1,
        1,
        null,
        null,
        null,
        null,
        null
      ],
      "/home/ilab/resourcemap/config/boot.rb": [
        1,
        1,
        null,
        null,
        1,
        null,
        1,
        null,
        1,
        1,
        null,
        1,
        null,
        1,
        707,
        null,
        null,
        1,
        0,
        null,
        null,
        1,
        720,
        2,
        null,
        718,
        null,
        null,
        null,
        null,
        1,
        1,
        null,
        1,
        null,
        1,
        0,
        0,
        null,
        0,
        null,
        null,
        null,
        1,
        0,
        0,
        0,
        null,
        null,
        null,
        null
      ],
      "/home/ilab/resourcemap/config/environments/test.rb": [
        1,
        null,
        null,
        null,
        null,
        null,
        null,
        1,
        null,
        null,
        1,
        1,
        null,
        null,
        1,
        null,
        null,
        1,
        1,
        null,
        null,
        1,
        null,
        null,
        1,
        null,
        null,
        null,
        null,
        1,
        1,
        null,
        null,
        1,
        null,
        null,
        1,
        null,
        1,
        null
      ],
      "/home/ilab/resourcemap/config/initializers/active_record.rb": [
        1
      ],
      "/home/ilab/resourcemap/lib/active_record_telemetry.rb": [
        1,
        null,
        1,
        null,
        1,
        713,
        null,
        null,
        1,
        3967,
        null,
        null,
        1,
        50,
        50,
        null,
        null,
        null,
        null,
        1
      ],
      "/home/ilab/resourcemap/config/initializers/backtrace_silencers.rb": [
        null,
        null,
        null,
        null,
        null,
        null,
        null
      ],
      "/home/ilab/resourcemap/config/initializers/colored_output.rb": [
        1,
        1,
        4,
        4,
        4,
        null,
        null,
        2,
        1,
        null,
        1,
        1,
        0,
        0,
        0,
        null,
        1,
        null,
        null
      ],
      "/home/ilab/resourcemap/config/initializers/csv.rb": [
        1,
        null,
        null,
        1,
        null,
        1,
        null,
        null,
        193,
        193,
        193,
        1,
        1,
        1,
        1,
        null,
        null,
        1,
        null,
        1,
        1,
        113,
        null,
        null,
        null,
        113,
        113,
        113,
        null,
        1,
        1,
        null,
        null,
        1,
        null,
        null
      ],
      "/home/ilab/resourcemap/config/initializers/decently_exposed_cancan.rb": [
        1,
        1,
        null,
        1,
        12,
        10,
        10,
        null,
        0,
        null,
        null,
        null,
        null,
        null,
        1,
        10,
        null,
        null,
        null,
        null
      ],
      "/home/ilab/resourcemap/config/initializers/devise.rb": [
        null,
        null,
        1,
        1,
        null,
        1,
        null,
        null,
        null,
        1,
        null,
        null,
        null,
        null,
        null,
        null,
        null,
        null,
        1,
        null,
        null,
        null,
        null,
        null,
        null,
        null,
        null,
        null,
        1,
        null,
        null,
        null,
        null,
        null,
        null,
        null,
        null,
        null,
        null,
        null,
        1,
        null,
        null,
        null,
        null,
        1,
        null,
        null,
        null,
        null,
        null,
        null,
        null,
        null,
        null,
        null,
        null,
        1,
        null,
        null,
        null,
        null,
        null,
        null,
        null,
        null,
        null,
        null,
        null,
        null,
        null,
        null,
        null,
        null,
        null,
        1,
        null,
        null,
        null,
        null,
        null,
        null,
        null,
        null,
        1,
        null,
        null,
        1,
        null,
        null,
        null,
        null,
        null,
        null,
        null,
        null,
        null,
        null,
        null,
        null,
        null,
        1,
        null,
        null,
        null,
        null,
        null,
        null,
        null,
        null,
        null,
        null,
        null,
        null,
        null,
        null,
        null,
        null,
        null,
        1,
        null,
        null,
        null,
        null,
        null,
        null,
        null,
        null,
        null,
        null,
        null,
        null,
        null,
        null,
        null,
        null,
        null,
        null,
        null,
        null,
        null,
        null,
        null,
        null,
        null,
        null,
        null,
        null,
        null,
        null,
        null,
        null,
        null,
        null,
        null,
        null,
        null,
        null,
        null,
        null,
        null,
        null,
        1,
        null,
        null,
        null,
        null,
        null,
        null,
        null,
        null,
        null,
        null,
        null,
        null,
        1,
        null,
        null,
        null,
        null,
        null,
        null,
        null,
        null,
        null,
        null,
        null,
        null,
        null,
        null,
        null,
        null,
        null,
        null,
        null,
        null,
        null,
        null,
        null,
        null,
        null,
        null,
        null,
        1,
        null,
        null,
        null,
        null,
        null,
        null,
        null,
        null,
        null,
        null,
        null,
        null,
        null,
        null,
        null
      ],
      "/home/ilab/resourcemap/config/initializers/epsg.rb": [
        null,
        null,
        null,
        1,
        1,
        null,
        1,
        null,
        null,
        1,
        4,
        null,
        2,
        2,
        4,
        null,
        null,
        null,
        null,
        1,
        1,
        null,
        null
      ],
      "/home/ilab/resourcemap/config/initializers/google_maps.rb": [
        1
      ],
      "/home/ilab/resourcemap/config/initializers/inflections.rb": [
        null,
        null,
        null,
        null,
        null,
        null,
        null,
        null,
        null,
        null,
        null,
        null,
        null,
        null,
        null
      ],
      "/home/ilab/resourcemap/config/initializers/instedd_telemetry.rb": [
        1,
        null,
        1,
        null,
        1,
        1,
        null,
        1,
        0,
        0,
        0,
        null,
        null,
        1,
        1,
        1,
        1,
        1,
        1,
        null,
        null
      ],
      "/home/ilab/resourcemap/app/models/telemetry/activities_collector.rb": [
        1,
        null,
        1,
        4,
        null,
        4,
        null,
        null,
        null,
        null,
        null,
        null,
        null,
        null,
        null,
        null,
        null,
        null,
        null,
        null,
        6,
        null,
        4,
        null,
        null,
        null,
        null
      ],
      "/home/ilab/resourcemap/app/models/telemetry/alert_conditions_collector.rb": [
        1,
        null,
        1,
        null,
        4,
        null,
        4,
        6,
        null,
        null,
        null,
        4,
        null,
        4,
        null,
        null,
        null,
        null,
        null,
        null,
        null,
        null,
        null,
        4,
        null,
        null,
        null,
        null,
        4,
        null,
        null,
        4,
        null,
        null,
        null,
        null,
        2,
        null,
        null,
        null,
        4,
        null,
        null,
        null
      ],
      "/home/ilab/resourcemap/app/models/telemetry/memberships_collector.rb": [
        1,
        null,
        1,
        4,
        null,
        4,
        null,
        null,
        null,
        null,
        null,
        null,
        null,
        null,
        null,
        null,
        null,
        null,
        null,
        null,
        6,
        null,
        4,
        null,
        null,
        null,
        null
      ],
      "/home/ilab/resourcemap/app/models/telemetry/new_collections_collector.rb": [
        1,
        null,
        1,
        3,
        null,
        null,
        null,
        null,
        null,
        null,
        null,
        null,
        null,
        null,
        3,
        null,
        null,
        null,
        null
      ],
      "/home/ilab/resourcemap/app/models/telemetry/sites_collector.rb": [
        1,
        null,
        1,
        4,
        null,
        4,
        null,
        null,
        null,
        null,
        null,
        null,
        null,
        null,
        null,
        null,
        null,
        null,
        null,
        null,
        6,
        null,
        4,
        null,
        null,
        null,
        null
      ],
      "/home/ilab/resourcemap/app/models/telemetry/fields_collector.rb": [
        1,
        null,
        1,
        2,
        null,
        2,
        null,
        null,
        null,
        null,
        null,
        null,
        null,
        null,
        2,
        null,
        null,
        null,
        null,
        4,
        null,
        null,
        2,
        null,
        null,
        null
      ],
      "/home/ilab/resourcemap/config/initializers/language.rb": [
        1
      ],
      "/home/ilab/resourcemap/config/initializers/mime_types.rb": [
        null,
        null,
        null,
        null,
        null,
        1,
        1,
        1
      ],
      "/home/ilab/resourcemap/config/initializers/nuntium.rb": [
        1,
        1,
        null,
        1,
        0,
        null,
        null,
        1,
        0,
        null,
        null,
        null
      ],
      "/home/ilab/resourcemap/config/initializers/object.rb": [
        1,
        1,
        6,
        null,
        2,
        null,
        null
      ],
      "/home/ilab/resourcemap/config/initializers/oj.rb": [
        1,
        null,
        1,
        1,
        2,
        null,
        null,
        null,
        1
      ],
      "/home/ilab/resourcemap/config/initializers/plugins.rb": [
        1,
        1,
        4,
        4,
        null,
        4,
        4,
        10,
        10,
        10,
        null,
        null,
        4,
        4,
        null,
        null,
        4,
        4,
        4,
        4,
        null,
        4,
        null,
        null,
        null,
        null,
        null,
        null,
        null,
        4,
        null,
        null,
        1,
        5,
        null,
        null,
        null,
        1,
        1,
        null,
        1,
        null,
        1,
        0,
        0,
        null,
        0,
        null,
        null,
        1,
        null,
        1,
        0,
        0,
        0,
        null,
        1,
        null,
        null,
        null,
        1,
        0,
        0,
        null,
        1,
        null
      ],
      "/home/ilab/resourcemap/config/initializers/resque_scheduler.rb": [
        null,
        null,
        null,
        1,
        2,
        null,
        null
      ],
      "/home/ilab/resourcemap/config/initializers/secret_token.rb": [
        null,
        null,
        null,
        null,
        null,
        null,
        1,
        1
      ],
      "/home/ilab/resourcemap/config/initializers/session_store.rb": [
        null,
        null,
        1,
        null,
        null,
        null,
        null,
        null
      ],
      "/home/ilab/resourcemap/config/initializers/shp4r.rb": [
        null,
        null,
        null,
        null,
        null,
        null,
        null
      ],
      "/home/ilab/resourcemap/config/initializers/string.rb": [
        1,
        null,
        1,
        167,
        null,
        null,
        1,
        10,
        null,
        null,
        1,
        1,
        2,
        3,
        2,
        1,
        null,
        1,
        null,
        2,
        null,
        null,
        2,
        null,
        null,
        null,
        1,
        0,
        null,
        null,
        1,
        0,
        null,
        null,
        null
      ],
      "/home/ilab/resourcemap/config/initializers/tire.rb": [
        null,
        null,
        null,
        null,
        null,
        null,
        null,
        null,
        null,
        null,
        null,
        null,
        null,
        null,
        null,
        null,
        null,
        null,
        null,
        null,
        null,
        null,
        null,
        null,
        null,
        null,
        null,
        null,
        null,
        null,
        null,
        null,
        null,
        null,
        null,
        null,
        null,
        null,
        null,
        null,
        null,
        null,
        null,
        null,
        null,
        null,
        null,
        null,
        null,
        null,
        null,
        null,
        null,
        null,
        null,
        null
      ],
      "/home/ilab/resourcemap/config/initializers/wrap_parameters.rb": [
        null,
        null,
        null,
        null,
        null,
        null,
        1,
        1,
        null,
        null,
        null,
        1,
        1,
        null
      ],
      "/home/ilab/resourcemap/plugins/fred_api/plugin.rb": [
        1,
        1,
        null,
        1,
        null,
        null,
        null,
        null,
        null,
        null,
        null,
        1,
        null,
        null,
        null,
        1,
        null,
        null,
        null,
        1,
        null,
        null,
        null,
        1,
        1,
        1,
        1,
        1,
        1,
        null,
        null
      ],
      "/home/ilab/resourcemap/app/models/plugin.rb": [
        1,
        1,
        null,
        1,
        1,
        4,
        4,
        null,
        null,
        1,
        2133,
        null,
        null,
        1,
        0,
        null,
        null,
        1,
        null,
        8500,
        2125,
        null,
        null,
        1,
        18,
        4,
        null,
        14,
        null,
        null,
        null,
        null,
        1,
        8,
        null,
        null,
        1,
        8557,
        null,
        null,
        null,
        1,
        0,
        0,
        null,
        null,
        null
      ],
      "/home/ilab/resourcemap/app/models/field.rb": [
        1,
        1,
        1,
        1,
        1,
        null,
        1,
        null,
        1,
        null,
        1,
        1,
        null,
        1,
        1987,
        1,
        1987,
        1,
        1,
        null,
        1,
        1,
        null,
        1,
        1,
        null,
        1,
        2014,
        null,
        null,
        1,
        1,
        83,
        null,
        null,
        1,
        1,
        604,
        null,
        604,
        604,
        null,
        null,
        1,
        1,
        1959,
        null,
        null,
        null,
        1,
        4,
        null,
        null,
        1,
        1,
        2021,
        2021,
        2021,
        2010,
        2010,
        2010,
        2010,
        null,
        1,
        null,
        null,
        1,
        10882,
        null,
        null,
        1,
        28754,
        null,
        null,
        1,
        14,
        14,
        14,
        null,
        null,
        1,
        28782,
        28782,
        28782,
        28782,
        null,
        0,
        null,
        null,
        null,
        1,
        246,
        2,
        2,
        2,
        null,
        0,
        null,
        null,
        246,
        null,
        null,
        1,
        1979,
        null,
        null,
        1,
        null,
        null,
        null,
        1,
        null,
        null,
        null,
        1,
        7,
        null,
        null,
        1,
        null,
        null,
        null,
        1,
        74,
        null,
        null,
        1,
        38,
        0,
        0,
        null,
        38,
        null,
        null,
        null,
        1,
        27,
        null,
        null,
        null,
        null,
        1,
        null,
        null,
        1,
        null,
        1,
        460,
        460,
        138,
        238,
        null,
        null,
        null,
        null,
        1,
        343,
        343,
        498,
        null,
        null,
        null
      ],
      "/home/ilab/resourcemap/app/models/field/base.rb": [
        1,
        1,
        null,
        1,
        null,
        null,
        null,
        null,
        null,
        null,
        null,
        null,
        null,
        null,
        null,
        null,
        1,
        11,
        null,
        null,
        1,
        1,
        8316,
        null,
        null,
        1,
        23892,
        null,
        null,
        null,
        1,
        28,
        null,
        null,
        1,
        15,
        null,
        null,
        1,
        1131,
        null,
        null,
        1,
        7,
        null,
        null,
        1,
        1791,
        null,
        null,
        1,
        2210,
        null,
        null,
        1,
        0,
        null,
        1,
        977,
        null,
        null,
        1,
        7,
        3,
        null,
        4,
        null,
        null,
        null,
        1,
        110,
        9,
        101,
        25,
        12,
        89,
        13,
        13,
        63,
        25,
        null,
        null,
        0,
        null,
        76,
        20,
        56,
        12,
        null,
        44,
        null,
        null,
        null,
        1,
        3,
        0,
        0,
        3,
        0,
        0,
        0,
        0,
        null,
        null,
        0,
        null,
        3,
        0,
        3,
        1,
        null,
        2,
        null,
        null,
        null,
        1,
        15,
        2,
        2,
        2,
        null,
        0,
        null,
        null,
        null,
        13,
        2,
        null,
        1,
        null,
        2,
        null,
        1,
        1,
        null,
        2,
        2,
        1,
        null,
        3,
        3,
        2,
        0,
        null,
        2,
        null,
        null,
        2,
        2,
        2,
        1,
        null,
        0,
        null,
        10,
        null,
        null,
        1,
        null,
        1,
        0,
        0,
        0,
        null,
        null,
        1,
        3,
        2,
        2,
        2,
        null,
        3,
        null,
        null,
        1,
        0,
        0,
        0,
        null,
        0,
        0,
        null,
        null
      ],
      "/home/ilab/resourcemap/app/models/field/elasticsearch_concern.rb": [
        1,
        1,
        null,
        1,
        null,
        null,
        157,
        null,
        419,
        null,
        660,
        null,
        190,
        null,
        941,
        2367,
        null,
        null,
        null,
        1,
        16792,
        null,
        null,
        1,
        1,
        20,
        null,
        null,
        null
      ],
      "/home/ilab/resourcemap/app/models/field/validation_concern.rb": [
        1,
        1,
        null,
        1,
        7,
        7,
        null,
        null,
        1,
        35,
        29,
        null,
        null,
        72,
        null,
        30,
        28,
        null,
        2,
        null,
        null,
        null,
        1,
        146,
        118,
        104,
        null,
        14,
        null,
        null,
        null,
        1,
        46,
        null,
        null,
        1,
        347,
        null,
        null,
        1,
        633,
        null,
        null,
        1,
        38,
        null,
        null,
        1,
        0,
        null,
        null,
        1,
        1,
        31,
        null,
        null,
        null,
        1,
        null,
        1,
        53,
        null,
        null,
        null,
        null
      ],
      "/home/ilab/resourcemap/app/models/field/shp_concern.rb": [
        1,
        null,
        1,
        1,
        null,
        1,
        3,
        null,
        null
      ],
      "/home/ilab/resourcemap/app/models/history_concern.rb": [
        1,
        1,
        null,
        1,
        3,
        null,
        3,
        3,
        3,
        null,
        3,
        null,
        3,
        3,
        92,
        null,
        null,
        null,
        null,
        1,
        3161,
        3161,
        41556,
        24742,
        null,
        null,
        3161,
        3161,
        3161,
        3161,
        null,
        null,
        1,
        120,
        null,
        null,
        1,
        90,
        90,
        null,
        null,
        1,
        114,
        null,
        null
      ],
      "/home/ilab/resourcemap/app/models/field_history.rb": [
        1,
        1,
        1,
        null,
        1,
        1,
        1,
        null,
        1,
        1,
        null,
        1,
        27,
        null,
        null,
        1,
        0,
        null,
        null,
        1,
        4,
        null,
        null,
        1,
        0,
        null,
        null,
        1,
        0,
        null,
        null,
        1,
        0,
        null,
        null,
        1,
        4,
        4,
        null,
        0,
        null,
        null,
        null
      ],
      "/home/ilab/resourcemap/app/models/marshal_zip_serializable.rb": [
        1,
        null,
        1,
        1,
        3706,
        null,
        2335,
        null,
        null,
        1,
        3682,
        null,
        435,
        null,
        null
      ],
      "/home/ilab/resourcemap/plugins/fred_api/models/field/identifier_field.rb": [
        1,
        1,
        null,
        1,
        0,
        null,
        null,
        1,
        0,
        null,
        null,
        1,
        0,
        null,
        null,
        1,
        0,
        null,
        null,
        1,
        0,
        null,
        null,
        1,
        0,
        null,
        null,
        1,
        0,
        null,
        null,
        null,
        1,
        1,
        0,
        null,
        null,
        1,
        0,
        null,
        null,
        1,
        0,
        null,
        null,
        1,
        null,
        null,
        null,
        1,
        null,
        null,
        null,
        1,
        0,
        null,
        null,
        null,
        1,
        null,
        null,
        1,
        1,
        0,
        null,
        null,
        1,
        0,
        null,
        null,
        1,
        0,
        null,
        null,
        1,
        null,
        0,
        0,
        null,
        null,
        0,
        0,
        0,
        null,
        null,
        0,
        0,
        0,
        0,
        0,
        0,
        0,
        0,
        null,
        0,
        null,
        null,
        0,
        null,
        null,
        1,
        0,
        0,
        0,
        0,
        0,
        null,
        0,
        0,
        0,
        null,
        0,
        null,
        null,
        0,
        null,
        null,
        0,
        null,
        0,
        null,
        null,
        0,
        null,
        null,
        1,
        0,
        0,
        0,
        0,
        0,
        null,
        0,
        null,
        0,
        null,
        0,
        0,
        0,
        0,
        0,
        null,
        0,
        0,
        0,
        null,
        0,
        null,
        null,
        0,
        null,
        null,
        1,
        0,
        null,
        null
      ],
      "/home/ilab/resourcemap/app/models/layer.rb": [
        1,
        1,
        1,
        null,
        1,
        2364,
        8,
        null,
        1,
        null,
        1,
        null,
        1,
        1,
        null,
        null,
        null,
        1,
        1,
        475,
        84,
        84,
        84,
        null,
        475,
        null,
        null,
        1,
        1,
        10,
        10,
        10,
        10,
        null,
        null,
        1,
        1,
        10,
        null,
        10,
        null,
        10,
        10,
        10,
        null,
        10,
        14,
        7,
        6,
        6,
        null,
        6,
        24,
        3,
        3,
        null,
        null,
        null,
        6,
        null,
        1,
        null,
        null,
        null,
        10,
        15,
        8,
        null,
        null,
        10,
        10,
        10,
        null,
        10,
        null,
        null,
        1,
        1,
        4,
        null,
        null,
        1,
        485,
        null,
        null,
        null,
        1,
        1753,
        1753,
        null,
        null,
        1,
        null,
        0,
        0,
        null,
        0,
        null,
        0,
        null,
        0,
        0,
        null,
        null,
        null,
        null,
        0,
        null,
        null,
        null,
        1,
        0,
        0,
        0,
        0,
        0,
        null,
        0,
        null,
        null,
        1,
        null,
        1,
        9,
        9,
        9,
        null,
        null,
        null
      ],
      "/home/ilab/resourcemap/app/models/activity.rb": [
        null,
        1,
        null,
        1,
        1,
        null,
        null,
        null,
        null,
        14,
        null,
        1,
        1,
        1,
        1,
        1,
        null,
        1,
        null,
        1,
        1,
        1,
        1,
        null,
        1,
        1727,
        null,
        null,
        1,
        1727,
        null,
        null,
        1,
        1727,
        null,
        null,
        1,
        null,
        0,
        0,
        0,
        0,
        0,
        0,
        0,
        null,
        null,
        null,
        null,
        0,
        0,
        0,
        0,
        null,
        null,
        0,
        0,
        0,
        null,
        null,
        null,
        0,
        null,
        null,
        1,
        0,
        0,
        0,
        0,
        null,
        null,
        null,
        null,
        1,
        0,
        null,
        0,
        null,
        null,
        null,
        0,
        null,
        0,
        null,
        null,
        0,
        0,
        null,
        null,
        0,
        0,
        0,
        0,
        null,
        null,
        null,
        null,
        null,
        0,
        0,
        null,
        null,
        0,
        null,
        null,
        0,
        null,
        null,
        null,
        null,
        null,
        null,
        0,
        null,
        null,
        1,
        0,
        null,
        null,
        null,
        null,
        0,
        0,
        0,
        null,
        null,
        1,
        0,
        0,
        0,
        null,
        null,
        0,
        0,
        0,
        null,
        null,
        null,
        1,
        1,
        1,
        1,
        1,
        null,
        1,
        5,
        5,
        5,
        5,
        5,
        5,
        null,
        5,
        1,
        null,
        null,
        5,
        1,
        null,
        null,
        5,
        3,
        6,
        null,
        null,
        null,
        null,
        1,
        null,
        null,
        null,
        1,
        0,
        0,
        0,
        null,
        null,
        null,
        null,
        null,
        null,
        null,
        null,
        null,
        0,
        0,
        null,
        0,
        0,
        0,
        null,
        null,
        null,
        0,
        0,
        null,
        null,
        0,
        0,
        null,
        null,
        0,
        0,
        null,
        0,
        0,
        null,
        null,
        0,
        0,
        0,
        0,
        null,
        null,
        0,
        null,
        0,
        0,
        0,
        null,
        null,
        null,
        null,
        null,
        null,
        null,
        0,
        0,
        0,
        null,
        0,
        null,
        null,
        0,
        null,
        null,
        0,
        null,
        null,
        null,
        0,
        0,
        0,
        null,
        null,
        null,
        null,
        null,
        1,
        1746,
        null,
        503,
        null,
        0,
        null,
        0,
        null,
        3,
        null,
        561,
        476,
        null,
        16,
        null,
        5,
        null,
        635,
        null,
        61,
        null,
        6,
        null,
        null,
        null,
        1,
        0,
        null,
        0,
        null,
        0,
        null,
        0,
        null,
        null,
        null,
        1,
        null,
        1,
        3,
        3,
        null,
        null,
        1,
        61,
        61,
        3,
        null,
        58,
        null,
        null,
        null,
        1,
        61,
        61,
        57,
        57,
        null,
        57,
        11,
        11,
        null,
        null,
        57,
        12,
        12,
        null,
        null,
        57,
        33,
        null,
        33,
        48,
        48,
        40,
        40,
        40,
        null,
        null,
        null,
        33,
        68,
        29,
        29,
        29,
        29,
        null,
        null,
        null,
        33,
        null,
        null,
        57,
        null,
        null,
        null,
        1,
        16,
        16,
        5,
        null,
        11,
        null,
        null,
        null,
        1,
        16,
        16,
        null,
        16,
        5,
        5,
        null,
        null,
        16,
        2,
        2,
        null,
        2,
        null,
        null,
        16,
        6,
        6,
        18,
        4,
        null,
        null,
        null,
        6,
        2,
        2,
        2,
        2,
        null,
        null,
        null,
        6,
        null,
        null,
        16,
        3,
        3,
        null,
        3,
        null,
        null,
        16,
        null,
        null,
        1,
        18,
        null,
        null,
        1,
        109,
        3,
        106,
        10,
        96,
        29,
        null,
        85,
        null,
        null,
        null,
        1,
        69,
        28,
        null,
        null,
        1,
        8,
        null,
        null,
        1,
        24,
        24,
        24,
        24,
        20,
        20,
        20,
        null,
        20,
        null,
        4,
        null,
        null,
        null
      ],
      "/home/ilab/resourcemap/app/models/activity/aware_concern.rb": [
        1,
        1,
        null,
        1,
        null,
        2,
        null,
        null,
        2,
        null,
        2,
        null,
        null
      ],
      "/home/ilab/resourcemap/app/models/layer_history.rb": [
        1,
        1,
        1,
        null,
        1,
        null,
        1,
        0,
        null,
        null,
        null
      ],
      "/home/ilab/resourcemap/app/models/collection.rb": [
        1,
        1,
        1,
        1,
        1,
        1,
        1,
        1,
        null,
        null,
        1,
        null,
        1,
        1,
        1,
        1,
        887,
        3555,
        1,
        1,
        1,
        1,
        1,
        1,
        1,
        1,
        1,
        1,
        1,
        null,
        1,
        1,
        null,
        1,
        null,
        1,
        null,
        1,
        1,
        null,
        1,
        1,
        1,
        null,
        null,
        null,
        0,
        null,
        null,
        1,
        2,
        null,
        null,
        1,
        9,
        9,
        9,
        8,
        8,
        12,
        8,
        null,
        2,
        2,
        2,
        null,
        null,
        6,
        null,
        null,
        null,
        4,
        null,
        null,
        null,
        9,
        null,
        null,
        1,
        1,
        1,
        null,
        1,
        null,
        1,
        0,
        null,
        1,
        1,
        1,
        null,
        null,
        4,
        null,
        null,
        1,
        null,
        null,
        1,
        0,
        0,
        0,
        0,
        null,
        null,
        0,
        null,
        null,
        1,
        0,
        0,
        0,
        0,
        null,
        null,
        0,
        null,
        null,
        1,
        20,
        20,
        19,
        19,
        null,
        19,
        19,
        null,
        null,
        20,
        null,
        null,
        null,
        1,
        40,
        0,
        null,
        null,
        40,
        40,
        39,
        2,
        2,
        null,
        37,
        null,
        39,
        38,
        null,
        1,
        1,
        1,
        null,
        3,
        null,
        268,
        null,
        null,
        1,
        3,
        3,
        null,
        null,
        null,
        null,
        3,
        null,
        3,
        3,
        2,
        1,
        1,
        null,
        null,
        null,
        3,
        8,
        3,
        null,
        null,
        null,
        null,
        null,
        null,
        null,
        null,
        null,
        null,
        null,
        3,
        null,
        null,
        4,
        null,
        3,
        null,
        null,
        null,
        1,
        483,
        483,
        null,
        null,
        1,
        0,
        0,
        null,
        null,
        null,
        1,
        0,
        0,
        0,
        null,
        null,
        null,
        1,
        1414,
        1414,
        11,
        null,
        1411,
        null,
        null,
        null,
        1,
        6,
        6,
        null,
        6,
        6,
        null,
        6,
        6,
        6,
        null,
        null,
        1,
        6,
        6,
        0,
        null,
        6,
        6,
        6,
        null,
        null,
        1,
        12,
        null,
        null,
        1,
        0,
        0,
        null,
        null,
        null,
        null,
        1,
        2,
        null,
        null,
        1,
        1,
        null,
        null,
        1,
        393,
        null,
        null,
        null,
        1,
        1,
        4,
        4,
        null,
        null,
        null,
        1,
        4,
        4,
        0,
        0,
        0,
        null,
        0,
        0,
        null,
        0,
        0,
        null,
        4,
        null,
        null,
        1,
        2,
        2,
        2,
        null,
        null,
        1,
        2,
        2,
        2,
        null,
        null,
        1,
        2,
        0,
        0,
        null,
        null,
        null,
        1,
        0,
        null,
        null,
        1,
        2,
        null,
        null,
        1,
        0,
        null,
        null,
        1,
        0,
        null,
        null,
        1,
        0,
        0,
        null,
        0,
        null,
        null,
        0,
        null,
        null,
        null,
        1,
        null,
        1,
        1492,
        null,
        null,
        null
      ],
      "/home/ilab/resourcemap/app/models/collection/csv_concern.rb": [
        1,
        1,
        null,
        1,
        0,
        0,
        0,
        0,
        null,
        null,
        null,
        1,
        10,
        10,
        null,
        10,
        10,
        10,
        74,
        74,
        null,
        null,
        10,
        10,
        null,
        10,
        6,
        null,
        6,
        6,
        38,
        38,
        4,
        null,
        0,
        null,
        34,
        null,
        null,
        null,
        6,
        6,
        null,
        null,
        null,
        null,
        1,
        0,
        0,
        0,
        null,
        null,
        null,
        null,
        1,
        1,
        null,
        1,
        1,
        1,
        2,
        1,
        1,
        1,
        1,
        null,
        1,
        null,
        null,
        null,
        1,
        2,
        2,
        null,
        2,
        2,
        5,
        null,
        3,
        3,
        3,
        3,
        3,
        null,
        null,
        2,
        null,
        2,
        null,
        null,
        null,
        1,
        null,
        12,
        null,
        null,
        null,
        11,
        null,
        null,
        11,
        47,
        105,
        null,
        15,
        15,
        null,
        null,
        15,
        15,
        15,
        null,
        null,
        null,
        null,
        null,
        11,
        47,
        15,
        15,
        null,
        32,
        null,
        null,
        null,
        null,
        11,
        null,
        null,
        1,
        null,
        null,
        null,
        1,
        0,
        null,
        0,
        null,
        0,
        0,
        0,
        null,
        null,
        0,
        null,
        null,
        0,
        null,
        null,
        1,
        0,
        0,
        0,
        0,
        0,
        0,
        null,
        0,
        0,
        null,
        0,
        0,
        0,
        null,
        null,
        null,
        0,
        null,
        null,
        null,
        null,
        null,
        null,
        null,
        0,
        null,
        null,
        null,
        null,
        null,
        null,
        null,
        0,
        0,
        0,
        0,
        null,
        null,
        null,
        0,
        null,
        null,
        0,
        null,
        null,
        1,
        11,
        11,
        11,
        50,
        50,
        3,
        null,
        47,
        47,
        null,
        47,
        4,
        4,
        null,
        null,
        null,
        43,
        124,
        3,
        3,
        3,
        null,
        null,
        null,
        43,
        124,
        2,
        2,
        2,
        null,
        null,
        null,
        43,
        71,
        1,
        1,
        1,
        null,
        null,
        43,
        37,
        37,
        37,
        null,
        null,
        null,
        47,
        null,
        null,
        11,
        null,
        null,
        1,
        null,
        1,
        0,
        null,
        null
      ],
      "/home/ilab/resourcemap/app/models/collection/shp_concern.rb": [
        1,
        1,
        null,
        1,
        2,
        2,
        null,
        null,
        null,
        null,
        1,
        2,
        null,
        null,
        null,
        null,
        null,
        null,
        null,
        null,
        null,
        1,
        null,
        null,
        2,
        null,
        2,
        null,
        null,
        1,
        0,
        0,
        0,
        0,
        null,
        0,
        0,
        null,
        0,
        0,
        null,
        0,
        null,
        null,
        1,
        2,
        0,
        null,
        null,
        null,
        null,
        null,
        0,
        null,
        0,
        null,
        null,
        1,
        1,
        null,
        null,
        null,
        null,
        null,
        null,
        null,
        1,
        5,
        null,
        null,
        null
      ],
      "/home/ilab/resourcemap/app/models/collection/geom_concern.rb": [
        1,
        1,
        null,
        null,
        null,
        null,
        null,
        1,
        55,
        18,
        18,
        16,
        16,
        16,
        16,
        null,
        18,
        null,
        null,
        1,
        620,
        620,
        null,
        null,
        null,
        1,
        633,
        633,
        633,
        633,
        633,
        633,
        null,
        null,
        1,
        620,
        620,
        null,
        null
      ],
      "/home/ilab/resourcemap/app/models/collection/kml_concern.rb": [
        1,
        1,
        1,
        null,
        1,
        0,
        0,
        0,
        0,
        0,
        0,
        0,
        0,
        0,
        null,
        null,
        0,
        null,
        0,
        0,
        0,
        0,
        0,
        null,
        0,
        null,
        0,
        0,
        0,
        null,
        0,
        null,
        null,
        0,
        0,
        0,
        null,
        null,
        null,
        null,
        0,
        0,
        0,
        0,
        0,
        0,
        0,
        0,
        0,
        null,
        0,
        0,
        0,
        0,
        null,
        null,
        0,
        0,
        0,
        0,
        null,
        0,
        null,
        0,
        0,
        0,
        null,
        0,
        null,
        0,
        null,
        0,
        null,
        0,
        null,
        null,
        null,
        0,
        0,
        null,
        null,
        0,
        0,
        0,
        null,
        null,
        null,
        null,
        null,
        null,
        null,
        0,
        null,
        null,
        null
      ],
      "/home/ilab/resourcemap/app/models/collection/elasticsearch_concern.rb": [
        1,
        1,
        null,
        1,
        1,
        1,
        null,
        null,
        1,
        682,
        null,
        null,
        null,
        682,
        null,
        682,
        null,
        682,
        0,
        0,
        0,
        0,
        null,
        null,
        null,
        null,
        null,
        682,
        null,
        null,
        1,
        2641,
        null,
        null,
        1,
        1959,
        1959,
        1959,
        null,
        null,
        1,
        0,
        0,
        0,
        0,
        0,
        0,
        null,
        0,
        0,
        0,
        0,
        0,
        null,
        0,
        null,
        0,
        null,
        null,
        1,
        4,
        null,
        null,
        1,
        5376,
        null,
        null,
        1,
        119,
        null,
        null,
        1,
        4,
        4,
        2,
        null,
        2,
        null,
        4,
        null,
        null,
        1,
        0,
        null,
        null,
        1,
        119,
        null,
        null,
        1,
        1,
        null,
        1,
        5514,
        62,
        null,
        null,
        5452,
        0,
        0,
        0,
        null,
        null,
        null,
        5452,
        null,
        null,
        1,
        null,
        null,
        null,
        135,
        0,
        0,
        null,
        null,
        135,
        135,
        0,
        null,
        null,
        135,
        null,
        135,
        null,
        null,
        null
      ],
      "/home/ilab/resourcemap/app/models/collection/plugins_concern.rb": [
        1,
        1,
        null,
        1,
        null,
        null,
        null,
        1,
        null,
        null,
        null,
        null,
        null,
        null,
        null,
        1,
        697,
        null,
        null,
        null,
        1,
        0,
        null,
        null,
        null,
        1,
        0,
        null,
        null,
        null,
        null,
        1,
        0,
        0,
        null,
        null,
        null,
        1,
        698,
        null,
        null
      ],
      "/home/ilab/resourcemap/app/models/collection/import_layers_schema_concern.rb": [
        1,
        null,
        1,
        3,
        3,
        3,
        3,
        3,
        3,
        2,
        2,
        2,
        2,
        null,
        null,
        3,
        null,
        null,
        null
      ],
      "/home/ilab/resourcemap/plugins/fred_api/models/field/fred_api_concern.rb": [
        1,
        1,
        null,
        1,
        0,
        null,
        null,
        1,
        0,
        null,
        null,
        1,
        0,
        null,
        null,
        1,
        0,
        null,
        0,
        null,
        0,
        null,
        null,
        null
      ],
      "/home/ilab/resourcemap/app/models/search.rb": [
        1,
        1,
        null,
        1,
        1,
        null,
        1,
        1,
        1,
        1,
        1,
        1,
        null,
        1,
        107,
        107,
        107,
        107,
        107,
        107,
        null,
        null,
        1,
        4,
        null,
        null,
        1,
        120,
        null,
        null,
        1,
        10,
        null,
        null,
        1,
        0,
        null,
        null,
        1,
        2,
        null,
        null,
        null,
        1,
        1,
        null,
        1,
        119,
        119,
        119,
        119,
        21,
        null,
        98,
        null,
        119,
        119,
        null,
        null,
        1,
        1,
        1,
        null,
        null,
        1,
        0,
        0,
        null,
        null,
        1,
        0,
        0,
        null,
        null,
        1,
        6,
        null,
        0,
        null,
        3,
        null,
        3,
        6,
        3,
        0,
        null,
        3,
        null,
        null,
        6,
        null,
        6,
        6,
        null,
        6,
        null,
        null,
        1,
        1,
        2,
        null,
        1,
        null,
        null,
        1,
        17,
        17,
        null,
        null,
        1,
        110,
        null,
        110,
        5,
        null,
        105,
        null,
        null,
        110,
        2,
        null,
        null,
        110,
        1,
        null,
        null,
        110,
        0,
        0,
        null,
        10,
        null,
        100,
        null,
        null,
        110,
        null,
        null,
        1,
        null,
        110,
        null,
        110,
        null,
        110,
        110,
        null,
        null,
        110,
        null,
        107,
        107,
        107,
        null,
        null,
        null,
        107,
        2,
        3,
        3,
        3,
        6,
        null,
        null,
        null,
        null,
        null,
        107,
        107,
        1,
        1,
        1,
        1,
        0,
        null,
        null,
        107,
        null,
        null,
        null,
        null,
        1,
        23,
        199,
        null,
        23,
        null,
        23,
        23,
        24,
        24,
        24,
        null,
        24,
        100,
        100,
        100,
        null,
        null,
        null,
        23,
        null,
        null,
        null,
        null,
        1,
        4,
        null,
        4,
        4,
        3,
        3,
        3,
        3,
        null,
        3,
        3,
        3,
        12,
        null,
        null,
        4,
        null,
        null,
        1,
        0,
        null,
        0,
        0,
        null,
        0,
        0,
        0,
        null,
        0,
        null,
        null
      ],
      "/home/ilab/resourcemap/app/models/search_base.rb": [
        1,
        1,
        42,
        42,
        null,
        null,
        1,
        4,
        0,
        null,
        4,
        null,
        4,
        null,
        null,
        1,
        0,
        0,
        null,
        null,
        1,
        0,
        null,
        null,
        1,
        0,
        null,
        null,
        1,
        0,
        null,
        null,
        1,
        0,
        null,
        null,
        1,
        35,
        0,
        0,
        null,
        null,
        35,
        30,
        null,
        30,
        null,
        null,
        1,
        0,
        0,
        0,
        null,
        null,
        1,
        35,
        35,
        null,
        30,
        4,
        26,
        1,
        25,
        2,
        null,
        23,
        null,
        null,
        null,
        null,
        null,
        null,
        null,
        null,
        null,
        null,
        1,
        4,
        4,
        null,
        4,
        null,
        null,
        1,
        4,
        0,
        0,
        null,
        4,
        2,
        null,
        2,
        null,
        0,
        null,
        4,
        4,
        4,
        null,
        null,
        1,
        4,
        4,
        4,
        4,
        null,
        null,
        1,
        4,
        null,
        null,
        null,
        null,
        null,
        null,
        null,
        null,
        1,
        6,
        1,
        0,
        0,
        1,
        0,
        0,
        4,
        0,
        null,
        6,
        null,
        null,
        1,
        56,
        49,
        null,
        48,
        null,
        5,
        1,
        1,
        2,
        4,
        4,
        13,
        30,
        null,
        8,
        null,
        14,
        null,
        null,
        48,
        null,
        null,
        null,
        null,
        null,
        null,
        1,
        0,
        null,
        null,
        null,
        null,
        null,
        null,
        null,
        0,
        0,
        0,
        0,
        null,
        null,
        0,
        null,
        0,
        null,
        null,
        null,
        1,
        2,
        2,
        2,
        null,
        null,
        1,
        2,
        2,
        null,
        null,
        1,
        0,
        0,
        null,
        null,
        1,
        2,
        2,
        null,
        null,
        1,
        0,
        0,
        null,
        null,
        1,
        null,
        0,
        0,
        0,
        0,
        0,
        0,
        null,
        null,
        1,
        0,
        null,
        null,
        1,
        0,
        null,
        null,
        1,
        22,
        22,
        22,
        null,
        null,
        1,
        1,
        null,
        null,
        null,
        null,
        null,
        null,
        null,
        null,
        null,
        null,
        null,
        1,
        null,
        null,
        1,
        4,
        4,
        null,
        null,
        null,
        4,
        null,
        null,
        1,
        0,
        null,
        null,
        1,
        2,
        2,
        null,
        null,
        1,
        1,
        1,
        null,
        null,
        1,
        6,
        6,
        3,
        null,
        3,
        null,
        null,
        null,
        1,
        126,
        null,
        126,
        87,
        66,
        null,
        21,
        null,
        null,
        null,
        126,
        0,
        null,
        null,
        126,
        null,
        126,
        7,
        3,
        null,
        null,
        126,
        17,
        null,
        null,
        126,
        null,
        null,
        null,
        19,
        null,
        1,
        null,
        null,
        126,
        null,
        null,
        1,
        2,
        2,
        null,
        null,
        1,
        110,
        110,
        null,
        null,
        1,
        0,
        0,
        null,
        null,
        1,
        null,
        1,
        3,
        null,
        3,
        6,
        null,
        null,
        1,
        27,
        null,
        null,
        1,
        17,
        17,
        null,
        null,
        1,
        4,
        4,
        null,
        null,
        1,
        4,
        2,
        0,
        0,
        0,
        0,
        2,
        null,
        null,
        4,
        null,
        null,
        1,
        55,
        21,
        167,
        21,
        21,
        null,
        171,
        34,
        33,
        null,
        null,
        null,
        1,
        83,
        null,
        null,
        1,
        126,
        126,
        null,
        126,
        null,
        126,
        126,
        null,
        null
      ],
      "/home/ilab/resourcemap/plugins/fred_api/models/search/fred_api_concern.rb": [
        1,
        null,
        null,
        1,
        0,
        null,
        0,
        null,
        0,
        null,
        0,
        0,
        0,
        0,
        null,
        0,
        0,
        0,
        0,
        0,
        null,
        0,
        null,
        null,
        null,
        null,
        0,
        null,
        null,
        1,
        0,
        0,
        null,
        null,
        1,
        0,
        0,
        null,
        null,
        1,
        0,
        0,
        null,
        null,
        1,
        0,
        0,
        null,
        null,
        1,
        0,
        0,
        null,
        0,
        null,
        0,
        0,
        null,
        0,
        null,
        null
      ],
      "/home/ilab/resourcemap/app/models/site.rb": [
        1,
        1,
        1,
        1,
        1,
        1,
        1,
        1,
        null,
        1,
        761,
        null,
        1,
        1,
        1,
        1,
        null,
        1,
        1,
        null,
        1,
        null,
        1,
        697,
        null,
        null,
        1,
        1394,
        null,
        null,
        1,
        0,
        0,
        0,
        null,
        0,
        null,
        null,
        1,
        1,
        null,
        1,
        1,
        3,
        3,
        3,
        null,
        0,
        null,
        null,
        1,
        null,
        null,
        1,
        1,
        1,
        1,
        1,
        null,
        null,
        null,
        1,
        null,
        1,
        null,
        null,
        1,
        3,
        3,
        3,
        null,
        null,
        1,
        3,
        3,
        3,
        3,
        3,
        3,
        3,
        6,
        null,
        3,
        null,
        null,
        1,
        2,
        null,
        null,
        1,
        0,
        null,
        0,
        0,
        0,
        null,
        null,
        0,
        0,
        0,
        null,
        null,
        0,
        0,
        0,
        null,
        null,
        0,
        0,
        0,
        null,
        0,
        null,
        0,
        0,
        null,
        null,
        0,
        null,
        0,
        0,
        null,
        null,
        null,
        null,
        null,
        0,
        0,
        null,
        null,
        null,
        1,
        0,
        null,
        0,
        0,
        0,
        null,
        0,
        null,
        null,
        1,
        0,
        null,
        0,
        0,
        0,
        0,
        null,
        null,
        0,
        null,
        null,
        1,
        null,
        1,
        760,
        null,
        760,
        760,
        1185,
        1185,
        1184,
        null,
        null,
        760,
        null,
        null,
        1,
        672,
        null,
        672,
        2809,
        1740,
        1740,
        null,
        null,
        null,
        null,
        1,
        760,
        760,
        760,
        760,
        1185,
        1185,
        1184,
        1184,
        null,
        9,
        null,
        null,
        1184,
        0,
        0,
        null,
        null,
        null,
        null,
        760,
        0,
        null,
        null,
        null,
        1,
        764,
        764,
        null,
        764,
        714,
        712,
        null,
        2,
        2,
        null,
        null,
        null,
        762,
        712,
        712,
        null,
        0,
        0,
        null,
        null,
        null,
        null,
        762,
        null,
        null
      ],
      "/home/ilab/resourcemap/app/models/site/activity_concern.rb": [
        1,
        1,
        null,
        1,
        1,
        1,
        1,
        1,
        null,
        null,
        1,
        634,
        634,
        634,
        634,
        634,
        null,
        null,
        1,
        59,
        null,
        null,
        1,
        null,
        59,
        null,
        null,
        null,
        59,
        59,
        null,
        59,
        50,
        50,
        null,
        null,
        null,
        59,
        199,
        30,
        0,
        null,
        null,
        null,
        59,
        54,
        54,
        null,
        null,
        null,
        null,
        null,
        null,
        null,
        null,
        null,
        null,
        null,
        null,
        null,
        null,
        1,
        null,
        null,
        59,
        10,
        8,
        9,
        null,
        2,
        null,
        null,
        49,
        null,
        null,
        null,
        1,
        5,
        null,
        null
      ],
      "/home/ilab/resourcemap/app/models/site/cleanup_concern.rb": [
        1,
        1,
        null,
        1,
        1,
        null,
        null,
        1,
        null,
        1954,
        null,
        null
      ],
      "/home/ilab/resourcemap/app/models/site/geom_concern.rb": [
        1,
        1,
        null,
        1,
        698,
        1,
        null,
        null,
        1,
        620,
        null,
        null
      ],
      "/home/ilab/resourcemap/app/models/site/prefix_concern.rb": [
        1,
        1,
        null,
        1,
        1,
        null,
        null,
        1,
        637,
        null,
        null,
        1,
        619,
        619,
        301,
        null,
        318,
        318,
        null,
        619,
        null,
        null,
        1,
        319,
        319,
        null,
        null
      ],
      "/home/ilab/resourcemap/app/models/site/elasticsearch_concern.rb": [
        1,
        1,
        null,
        1,
        null,
        1,
        1,
        1,
        1,
        1,
        null,
        null,
        1,
        697,
        697,
        null,
        null,
        null,
        1,
        0,
        null,
        null,
        1,
        0,
        0,
        0,
        null,
        null,
        1,
        6,
        6,
        6,
        null,
        null,
        1,
        1,
        22,
        null,
        null,
        null,
        null,
        22,
        22,
        22,
        22,
        22,
        22,
        22,
        22,
        22,
        null,
        0,
        null,
        null,
        null,
        1,
        6,
        6,
        6,
        null,
        null,
        1,
        4,
        null,
        null,
        null
      ],
      "/home/ilab/resourcemap/app/models/site_history.rb": [
        1,
        1,
        1,
        null,
        1,
        null,
        1,
        1,
        null,
        null,
        1,
        14,
        null,
        null
      ],
      "/home/ilab/resourcemap/plugins/fred_api/models/site/uuid_concern.rb": [
        1,
        1,
        null,
        1,
        1,
        1,
        1,
        null,
        1,
        null,
        null,
        1,
        760,
        760,
        null,
        0,
        null,
        760,
        null,
        null,
        1,
        672,
        637,
        null,
        null,
        null,
        null,
        1,
        1,
        760,
        88,
        88,
        0,
        null,
        null,
        null,
        null
      ],
      "/home/ilab/resourcemap/plugins/fred_api/controllers/fred_api_controller.rb": [
        1,
        1,
        1,
        1,
        1,
        null,
        1,
        1,
        1,
        1,
        1,
        null,
        1,
        1,
        null,
        1,
        0,
        0,
        null,
        null,
        null,
        1,
        0,
        null,
        null,
        1,
        0,
        0,
        0,
        null,
        null,
        1,
        0,
        0,
        null,
        0,
        0,
        0,
        null,
        0,
        0,
        0,
        0,
        null,
        0,
        null,
        null,
        1,
        0,
        0,
        0,
        0,
        0,
        null,
        0,
        0,
        0,
        0,
        0,
        null,
        null,
        1,
        0,
        null,
        0,
        null,
        null,
        0,
        0,
        null,
        0,
        0,
        0,
        0,
        0,
        null,
        0,
        null,
        null,
        null,
        0,
        null,
        null,
        0,
        0,
        0,
        null,
        0,
        0,
        0,
        null,
        null,
        0,
        null,
        null,
        0,
        0,
        0,
        null,
        null,
        0,
        0,
        null,
        0,
        null,
        0,
        null,
        0,
        null,
        null,
        null,
        0,
        null,
        0,
        null,
        0,
        null,
        null,
        null,
        0,
        null,
        0,
        0,
        null,
        null,
        null,
        null,
        1,
        null,
        null,
        1,
        0,
        0,
        0,
        null,
        0,
        null,
        null,
        1,
        0,
        0,
        0,
        null,
        null,
        0,
        null,
        0,
        null,
        null,
        1,
        null,
        0,
        0,
        null,
        null,
        0,
        0,
        null,
        0,
        null,
        0,
        0,
        0,
        0,
        0,
        null,
        0,
        null,
        null,
        0,
        null,
        0,
        0,
        null,
        0,
        0,
        null,
        0,
        0,
        0,
        0,
        null,
        0,
        null,
        null,
        1,
        0,
        0,
        0,
        0,
        0,
        0,
        0,
        null,
        0,
        null,
        null,
        1,
        0,
        0,
        0,
        0,
        0,
        null,
        0,
        null,
        0,
        null,
        null,
        null,
        1,
        null,
        0,
        0,
        null,
        null,
        1,
        0,
        null,
        null,
        1,
        0,
        null,
        0,
        0,
        0,
        null,
        0,
        0,
        0,
        0,
        null,
        null,
        null,
        0,
        null,
        0,
        null,
        0,
        null,
        0,
        null,
        0,
        null,
        null,
        1,
        0,
        0,
        null,
        null,
        1,
        0,
        0,
        null,
        0,
        null,
        null,
        null,
        1,
        0,
        null,
        null,
        1,
        0,
        0,
        null,
        null,
        1,
        0,
        null,
        null
      ],
      "/home/ilab/resourcemap/app/controllers/application_controller.rb": [
        1,
        1,
        1,
        null,
        1,
        null,
        null,
        1,
        27,
        1,
        3,
        1,
        1,
        1,
        1,
        1,
        1,
        1,
        1,
        null,
        1,
        23,
        23,
        null,
        0,
        null,
        null,
        22,
        null,
        1,
        2,
        null,
        null,
        1,
        4,
        null,
        null,
        1,
        1,
        1,
        1,
        null,
        null,
        1,
        108,
        null,
        46,
        null,
        null,
        null,
        null,
        null,
        46,
        null,
        null,
        null,
        1,
        108,
        108,
        null,
        null,
        1,
        null,
        99,
        null,
        null,
        1,
        12,
        12,
        null,
        null,
        null,
        12,
        12,
        12,
        12,
        null,
        null,
        1,
        631,
        null,
        null,
        1,
        0,
        0,
        null,
        null,
        0,
        0,
        0,
        0,
        0,
        0,
        null,
        0,
        0,
        0,
        null,
        0,
        null,
        null,
        null,
        null,
        1,
        0,
        0,
        null,
        0,
        null,
        null,
        null,
        1,
        0,
        0,
        0,
        null,
        null,
        null,
        1,
        0,
        null,
        null,
        1,
        0,
        null,
        null,
        1,
        4,
        null,
        null,
        1,
        0,
        null,
        null,
        1,
        9,
        null,
        null,
        1,
        7,
        7,
        7,
        null,
        null,
        1,
        2,
        null,
        null,
        1,
        0,
        0,
        null,
        0,
        null,
        null,
        null,
        1,
        0,
        0,
        null,
        null,
        1,
        0,
        0,
        0,
        0,
        0,
        null,
        0,
        null,
        null,
        null,
        null,
        1,
        108,
        null,
        null,
        null,
        null,
        null,
        1,
        2,
        2,
        null,
        null,
        1,
        40,
        40,
        0,
        null,
        null,
        null,
        1,
        0,
        null,
        null,
        null
      ],
      "/home/ilab/resourcemap/app/helpers/application_helper.rb": [
        1,
        1,
        null,
        1,
        2,
        null,
        null,
        1,
        0,
        0,
        0,
        null,
        0,
        null,
        null,
        1,
        0,
        0,
        null,
        null,
        1,
        8,
        8,
        2,
        null,
        8,
        null,
        null,
        1,
        0,
        0,
        0,
        null,
        0,
        null,
        null,
        1,
        56,
        null,
        null,
        1,
        8,
        0,
        null,
        8,
        null,
        null
      ],
      "/home/ilab/resourcemap/app/helpers/knockout_helper.rb": [
        1,
        1,
        6,
        null,
        null,
        1,
        0,
        null,
        null,
        1,
        16,
        16,
        null,
        null,
        1,
        4,
        4,
        null,
        null,
        1,
        0,
        0,
        null,
        null,
        1,
        4,
        4,
        null,
        null,
        1,
        0,
        null,
        null,
        1,
        0,
        null,
        null,
        1,
        474,
        null,
        null,
        1,
        null,
        1132,
        224,
        null,
        52,
        null,
        856,
        null,
        704,
        null,
        null
      ],
      "/home/ilab/resourcemap/app/helpers/api/geo_json_helper.rb": [
        1,
        1,
        0,
        0,
        0,
        0,
        null,
        0,
        0,
        0,
        0,
        0,
        null,
        0,
        0,
        null,
        0,
        null,
        null,
        1,
        0,
        null,
        0,
        0,
        0,
        0,
        0,
        null,
        0,
        0,
        0,
        0,
        null,
        0,
        null,
        null,
        null
      ],
      "/home/ilab/resourcemap/app/helpers/api/json_helper.rb": [
        1,
        1,
        4,
        4,
        4,
        4,
        4,
        4,
        4,
        4,
        4,
        10,
        4,
        null,
        null,
        1,
        6,
        null,
        6,
        6,
        6,
        6,
        6,
        null,
        6,
        6,
        6,
        null,
        null,
        6,
        30,
        30,
        0,
        0,
        null,
        null,
        null,
        6,
        null,
        6,
        null,
        null
      ],
      "/home/ilab/resourcemap/app/helpers/api/rss_helper.rb": [
        1,
        1,
        2,
        2,
        2,
        2,
        2,
        2,
        null,
        2,
        4,
        null,
        null,
        null,
        null,
        null,
        1,
        4,
        null,
        4,
        4,
        4,
        4,
        4,
        null,
        4,
        4,
        4,
        null,
        null,
        4,
        4,
        20,
        20,
        18,
        null,
        2,
        2,
        4,
        null,
        null,
        null,
        null,
        null,
        null,
        null,
        null,
        1,
        0,
        0,
        0,
        0,
        0,
        0,
        null,
        0,
        0,
        null,
        null,
        null,
        null,
        null,
        1,
        0,
        0,
        0,
        0,
        0,
        0,
        0,
        0,
        0,
        null,
        null,
        null,
        1,
        null,
        null,
        null,
        null,
        null,
        2,
        null,
        null,
        1,
        null,
        1,
        18,
        null,
        null
      ],
      "/home/ilab/resourcemap/app/helpers/channels_accesses_helper.rb": [
        1,
        null
      ],
      "/home/ilab/resourcemap/app/helpers/quotas_helper.rb": [
        1,
        null
      ],
      "/home/ilab/resourcemap/app/helpers/registrations_helper.rb": [
        1,
        1,
        0,
        null,
        null,
        1,
        0,
        null,
        null,
        1,
        0,
        null,
        null
      ],
      "/home/ilab/resourcemap/app/controllers/concerns/mobile_device_detection.rb": [
        1,
        1,
        null,
        1,
        1,
        null,
        null,
        1,
        0,
        0,
        null,
        0,
        0,
        null,
        null,
        null,
        1,
        0,
        null,
        null,
        1,
        0,
        0,
        null,
        null
      ],
      "/home/ilab/resourcemap/plugins/alerts/plugin.rb": [
        1,
        null,
        1,
        1,
        null,
        null,
        1,
        null,
        null,
        null,
        1,
        null,
        null,
        1,
        null,
        1,
        null,
        null,
        null,
        null,
        null,
        1,
        null,
        1,
        null,
        null,
        null,
        null,
        null,
        null,
        1,
        33,
        33,
        33,
        33,
        null,
        null,
        null,
        11,
        11,
        11,
        null,
        null,
        1,
        1,
        1,
        1,
        1,
        null,
        null,
        null,
        null,
        null
      ],
      "/home/ilab/resourcemap/plugins/alerts/models/site/template_concerns.rb": [
        1,
        1,
        null,
        1,
        0,
        0,
        0,
        null,
        null
      ],
      "/home/ilab/resourcemap/plugins/alerts/models/site/alert_concerns.rb": [
        1,
        1,
        null,
        1,
        698,
        null,
        null,
        1,
        697,
        697,
        0,
        0,
        0,
        null,
        null,
        null,
        null,
        null,
        null,
        null,
        null,
        null,
        null,
        null,
        null,
        null,
        697,
        null,
        697,
        null,
        null,
        1,
        0,
        0,
        0,
        0,
        null,
        null,
        1,
        0,
        0,
        0,
        null,
        null
      ],
      "/home/ilab/resourcemap/plugins/alerts/models/field/email_field.rb": [
        1,
        1,
        3,
        null,
        null,
        1,
        3,
        null,
        null,
        1,
        18,
        null,
        null,
        1,
        null,
        1,
        18,
        18,
        7,
        null,
        11,
        null,
        null,
        null
      ],
      "/home/ilab/resourcemap/plugins/alerts/models/field/phone_field.rb": [
        1,
        null,
        null
      ],
      "/home/ilab/resourcemap/plugins/alerts/controllers/thresholds_controller.rb": [
        1,
        1,
        null,
        1,
        null,
        1,
        0,
        0,
        0,
        0,
        0,
        0,
        null,
        0,
        null,
        null,
        0,
        0,
        null,
        0,
        null,
        null,
        0,
        0,
        null,
        null,
        null,
        null,
        1,
        0,
        0,
        0,
        0,
        0,
        0,
        0,
        null,
        0,
        0,
        null,
        null,
        1,
        0,
        0,
        0,
        null,
        null,
        1,
        0,
        0,
        0,
        0,
        0,
        0,
        0,
        0,
        null,
        0,
        0,
        null,
        null,
        null,
        0,
        0,
        null,
        null,
        1,
        0,
        null,
        0,
        null,
        0,
        null,
        null,
        1,
        1,
        0,
        null,
        null,
        1,
        0,
        null,
        null
      ],
      "/home/ilab/resourcemap/plugins/reminders/plugin.rb": [
        1,
        null,
        1,
        null,
        null,
        1,
        null,
        null,
        null,
        1,
        1,
        1,
        1,
        null,
        null,
        null,
        1,
        null,
        null
      ],
      "/home/ilab/resourcemap/plugins/reminders/controllers/reminders_controller.rb": [
        1,
        1,
        null,
        1,
        0,
        0,
        0,
        0,
        null,
        0,
        0,
        null,
        null,
        null,
        1,
        0,
        0,
        0,
        null,
        0,
        0,
        0,
        0,
        null,
        null,
        1,
        0,
        0,
        0,
        0,
        null,
        0,
        0,
        null,
        0,
        0,
        null,
        null,
        1,
        0,
        0,
        null,
        null,
        1,
        0,
        0,
        null,
        null,
        1,
        0,
        0,
        0,
        0,
        null,
        0,
        null,
        null,
        1,
        0,
        0,
        0,
        0,
        0,
        null,
        0,
        null,
        null,
        1,
        0,
        null,
        null
      ],
      "/home/ilab/resourcemap/plugins/channels/plugin.rb": [
        1,
        null,
        1,
        null,
        1,
        1,
        1,
        1,
        1,
        null,
        null,
        null,
        null
      ],
      "/home/ilab/resourcemap/plugins/channels/controllers/channels_controller.rb": [
        1,
        1,
        null,
        1,
        0,
        0,
        0,
        0,
        0,
        null,
        0,
        null,
        null,
        null,
        1,
        null,
        null,
        null,
        null
      ],
      "/home/ilab/resourcemap/app/models/field/photo_field.rb": [
        1,
        1,
        0,
        null,
        null,
        1,
        0,
        null,
        null,
        null,
        null,
        null,
        1,
        0,
        0,
        null,
        null
      ],
      "/home/ilab/resourcemap/app/models/field/date_field.rb": [
        1,
        null,
        1,
        3,
        null,
        null,
        1,
        3,
        null,
        null,
        1,
        6,
        6,
        4,
        4,
        4,
        4,
        null,
        null,
        1,
        32,
        32,
        null,
        11,
        null,
        null,
        null,
        1,
        3,
        3,
        null,
        2,
        null,
        null,
        null,
        1,
        null,
        null,
        0,
        null,
        null,
        1,
        79,
        79,
        78,
        78,
        null,
        1,
        null,
        78,
        null,
        null,
        1,
        32,
        null,
        null,
        1,
        null,
        1,
        13,
        null,
        null,
        1,
        31,
        null,
        null,
        1,
        98,
        null,
        null,
        1,
        7,
        7,
        1,
        null,
        6,
        null,
        null,
        1,
        5,
        5,
        0,
        null,
        5,
        null,
        null,
        null,
        null
      ],
[...]
        null,
        null,
        null,
        null,
        null,
        null,
        null,
        null,
        null,
        1,
        1,
        1,
        1,
        null,
        1,
        1,
        1,
        null,
        1,
        1,
        null,
        1,
        null,
        1,
        1,
        null,
        null,
        null,
        null,
        1,
        null,
        null,
        null,
        null,
        null,
        null,
        1,
        4,
        null,
        null,
        null
      ],
      "/home/ilab/resourcemap/spec/models/telemetry/alert_conditions_collector_spec.rb": [
        1,
        null,
        1,
        null,
        1,
        1,
        null,
        1,
        1,
        1,
        1,
        null,
        1,
        1,
        1,
        null,
        1,
        null,
        null,
        null,
        null,
        null,
        null,
        null,
        null,
        null,
        null,
        null,
        null,
        null,
        null,
        null,
        1,
        1,
        null,
        1,
        1,
        1,
        1,
        null,
        1,
        1,
        1,
        null,
        1,
        null,
        null,
        null,
        null,
        null,
        null,
        null,
        null,
        null,
        1,
        null,
        null,
        null,
        null,
        null,
        null,
        null,
        null,
        null,
        null,
        1,
        1,
        null,
        1,
        1,
        1,
        null,
        1,
        1,
        1,
        null,
        1,
        1,
        null,
        null,
        1,
        null,
        1,
        null,
        1,
        null,
        null,
        null,
        null,
        null,
        1,
        null,
        null,
        null,
        null,
        null,
        null,
        1,
        5,
        5,
        19,
        null,
        null,
        null,
        null,
        null,
        null,
        null,
        5,
        null,
        null,
        1,
        7,
        null,
        7,
        22,
        null,
        null,
        7,
        null,
        null,
        1,
        4,
        null,
        null,
        null
      ],
      "/home/ilab/resourcemap/spec/models/telemetry/fields_collector_spec.rb": [
        1,
        null,
        1,
        null,
        3,
        null,
        1,
        1,
        1,
        1,
        null,
        1,
        1,
        1,
        null,
        1,
        1,
        1,
        1,
        null,
        1,
        1,
        null,
        1,
        null,
        1,
        1,
        null,
        1,
        null,
        1,
        null,
        null,
        null,
        null,
        null,
        1,
        null,
        null,
        null,
        null,
        null,
        null,
        1,
        1,
        1,
        1,
        null,
        1,
        1,
        null,
        1,
        1,
        null,
        1,
        1,
        null,
        1,
        1,
        null,
        null,
        null,
        null,
        1,
        null,
        null,
        null,
        null,
        null,
        null,
        null
      ],
      "/home/ilab/resourcemap/spec/models/telemetry/lifespan_spec.rb": [
        1,
        null,
        1,
        null,
        1,
        3,
        3,
        null,
        null,
        1,
        3,
        null,
        null,
        1,
        1,
        null,
        1,
        null,
        1,
        null,
        null,
        1,
        1,
        1,
        1,
        1,
        1,
        null,
        1,
        1,
        null,
        1,
        null,
        null,
        1,
        1,
        null,
        1,
        null,
        1,
        null,
        null,
        null
      ],
      "/home/ilab/resourcemap/app/models/telemetry/lifespan.rb": [
        1,
        1,
        5497,
        5477,
        null,
        5477,
        4262,
        null,
        null,
        null,
        null,
        1,
        6698,
        null,
        null
      ],
      "/home/ilab/resourcemap/spec/models/telemetry/memberships_collector_spec.rb": [
        1,
        null,
        1,
        null,
        1,
        1,
        1,
        null,
        1,
        1,
        null,
        1,
        null,
        1,
        1,
        null,
        1,
        null,
        1,
        null,
        null,
        null,
        null,
        null,
        null,
        null,
        null,
        null,
        null,
        null,
        null,
        null,
        null,
        null,
        1,
        1,
        1,
        4,
        1,
        null,
        1,
        11,
        1,
        null,
        1,
        null,
        null,
        null,
        null,
        null,
        null,
        null,
        null,
        null,
        1,
        null,
        null,
        null,
        null,
        null,
        null,
        null,
        null,
        null,
        null,
        1,
        1,
        1,
        1,
        null,
        1,
        1,
        1,
        null,
        1,
        1,
        null,
        1,
        null,
        1,
        1,
        null,
        null,
        null,
        null,
        1,
        null,
        null,
        null,
        null,
        null,
        null,
        1,
        4,
        null,
        null,
        null
      ],
      "/home/ilab/resourcemap/spec/models/telemetry/new_collections_collector_spec.rb": [
        1,
        null,
        1,
        null,
        1,
        1,
        1,
        null,
        4,
        null,
        1,
        null,
        null,
        null,
        null,
        null,
        1,
        1,
        null,
        8,
        null,
        1,
        null,
        null,
        null,
        null,
        null,
        1,
        11,
        null,
        null,
        1,
        null,
        null,
        null,
        null,
        null,
        null,
        1,
        3,
        null,
        null,
        1,
        2,
        null,
        null,
        1,
        0,
        null,
        null,
        1,
        2,
        null,
        null,
        null
      ],
      "/home/ilab/resourcemap/spec/models/telemetry/sites_collector_spec.rb": [
        1,
        null,
        1,
        null,
        1,
        1,
        4,
        null,
        1,
        6,
        null,
        1,
        null,
        1,
        null,
        null,
        null,
        null,
        null,
        null,
        null,
        null,
        null,
        null,
        null,
        null,
        null,
        null,
        null,
        1,
        1,
        1,
        4,
        1,
        null,
        1,
        11,
        1,
        null,
        1,
        null,
        null,
        null,
        null,
        null,
        null,
        null,
        null,
        null,
        1,
        null,
        null,
        null,
        null,
        null,
        null,
        null,
        null,
        null,
        null,
        null,
        1,
        1,
        1,
        1,
        null,
        1,
        1,
        1,
        null,
        1,
        1,
        null,
        1,
        null,
        1,
        1,
        null,
        null,
        null,
        null,
        1,
        null,
        null,
        null,
        null,
        null,
        null,
        1,
        4,
        null,
        null,
        null
      ],
      "/home/ilab/resourcemap/spec/models/user_snapshot_spec.rb": [
        1,
        null,
        1,
        12,
        12,
        18,
        18,
        null,
        1,
        1,
        1,
        1,
        null,
        1,
        1,
        1,
        1,
        1,
        null,
        null,
        1,
        1,
        1,
        null,
        1,
        null,
        null,
        1,
        1,
        null,
        1,
        null,
        1,
        1,
        1,
        1,
        null,
        null,
        null,
        1,
        1,
        1,
        null,
        null,
        1,
        1,
        1,
        null,
        null,
        null,
        1,
        1,
        1,
        1,
        1,
        null,
        null,
        1,
        1,
        1,
        1,
        null,
        null,
        1,
        1,
        1,
        null,
        null,
        1,
        1,
        null,
        1,
        null,
        1,
        null,
        null,
        null,
        1,
        1,
        1,
        null,
        1,
        null,
        1,
        null,
        null,
        1,
        1,
        1,
        1,
        1,
        1,
        1,
        null,
        null,
        null,
        1,
        7,
        7,
        7,
        null,
        1,
        1,
        null,
        1,
        null,
        1,
        null,
        null,
        1,
        1,
        1,
        null,
        1,
        null,
        1,
        null,
        null,
        1,
        1,
        null,
        1,
        null,
        1,
        null,
        null,
        1,
        1,
        null,
        1,
        null,
        1,
        null,
        null,
        1,
        1,
        1,
        null,
        1,
        null,
        1,
        null,
        null,
        1,
        1,
        null,
        1,
        null,
        1,
        null,
        null,
        null
      ],
      "/home/ilab/resourcemap/spec/models/user_spec.rb": [
        1,
        null,
        1,
        2,
        2,
        null,
        1,
        1,
        1,
        1,
        1,
        null,
        null,
        1,
        1,
        1,
        1,
        1,
        1,
        null,
        null,
        1,
        1,
        1,
        1,
        1,
        1,
        1,
        null,
        null,
        1,
        1,
        1,
        1,
        1,
        1,
        null,
        null,
        1,
        2,
        null,
        1,
        1,
        1,
        null,
        null,
        null,
        null,
        1,
        4,
        4,
        null,
        1,
        1,
        null,
        null,
        1,
        1,
        1,
        1,
        null,
        null,
        1,
        1,
        null,
        null,
        null,
        1,
        3,
        3,
        null,
        1,
        2,
        null,
        null,
        1,
        1,
        1,
        null,
        null,
        1,
        1,
        1,
        1,
        null,
        null,
        null,
        1,
        1,
        6,
        6,
        6,
        6,
        6,
        6,
        6,
        null,
        null,
        1,
        1,
        1,
        1,
        1,
        1,
        null,
        null,
        1,
        1,
        1,
        1,
        null,
        null,
        1,
        1,
        null,
        null,
        1,
        1,
        1,
        1,
        1,
        1,
        1,
        null,
        null,
        null,
        1,
        1,
        1,
        1,
        null,
        null,
        1,
        1,
        null,
        null,
        null,
        null,
        1,
        1,
        1,
        1,
        null,
        null,
        1,
        2,
        2,
        null,
        1,
        1,
        null,
        null,
        null,
        1,
        1,
        1,
        1,
        null,
        null,
        1,
        1,
        1,
        null,
        1,
        null,
        1,
        null,
        null,
        1,
        1,
        1,
        null,
        1,
        null,
        1,
        null,
        null,
        1,
        1,
        null,
        1,
        null,
        1,
        null,
        null,
        null
      ],
      "/home/ilab/resourcemap/spec/models/xform_spec.rb": [
        1,
        null,
        1,
        null,
        1,
        null
      ],
      "/home/ilab/resourcemap/app/models/xform.rb": [
        1,
        1,
        null,
        null,
        null,
        null,
        null,
        1,
        null,
        1,
        7,
        null,
        null,
        1,
        7,
        null,
        null,
        null,
        null,
        7,
        7,
        null,
        null,
        1,
        7,
        14,
        null,
        null,
        null,
        1,
        7,
        14,
        null,
        null,
        null,
        1,
        7,
        14,
        null,
        null,
        null,
        1,
        1,
        21,
        21,
        21,
        42,
        null,
        null,
        21,
        null,
        null,
        null
      ],
      "/home/ilab/resourcemap/spec/nuntiums/sms_nuntium_spec.rb": [
        1,
        1,
        2,
        2,
        1,
        1,
        1,
        1,
        1,
        null,
        null
      ],
      "/home/ilab/resourcemap/app/nuntiums/sms_nuntium.rb": [
        1,
        1,
        1,
        1,
        1,
        null,
        null,
        null,
        null,
        null,
        1,
        null,
        1,
        1,
        1,
        null,
        null
      ],
      "/home/ilab/resourcemap/spec/routing/api/collections_routing_spec.rb": [
        1,
        null,
        1,
        1,
        1,
        null,
        null,
        null,
        null,
        null,
        null,
        null,
        null
      ],
      "/home/ilab/resourcemap/spec/routing/api/sites_routing_spec.rb": [
        1,
        null,
        1,
        1,
        1,
        null,
        null,
        null,
        null,
        null,
        null,
        null,
        null
      ],
      "/home/ilab/resourcemap/spec/routing/memberships_routing_spec.rb": [
        1,
        null,
        1,
        1,
        1,
        null,
        null,
        null,
        null,
        null,
        null,
        null
      ],
      "/home/ilab/resourcemap/app/models/share_national_channel.rb": [
        1,
        1,
        1,
        1,
        null,
        null
      ],
      "/home/ilab/resourcemap/app/models/language.rb": [
        1,
        null
      ],
      "/home/ilab/resourcemap/app/models/read_sites_permission.rb": [
        1
      ],
      "/home/ilab/resourcemap/app/models/write_sites_permission.rb": [
        1
      ],
      "/home/ilab/resourcemap/app/models/site/upload_utils.rb": [
        1,
        1,
        1,
        null,
        1,
        0,
        0,
        0,
        0,
        0,
        null,
        null,
        1,
        0,
        0,
        0,
        0,
        0,
        0,
        0,
        null,
        null,
        null,
        null,
        1,
        0,
        0,
        0,
        0,
        0,
        null,
        null,
        null,
        null,
        1,
        1,
        1,
        0,
        0,
        0,
        0,
        null,
        null,
        null,
        null,
        null,
        null
      ],
      "/home/ilab/resourcemap/app/models/none_sites_permission.rb": [
        1
      ],
      "/home/ilab/resourcemap/plugins/alerts/models/threshold/condition.rb": [
        1,
        1,
        null,
        1,
        null,
        1,
        4,
        4,
        0,
        null,
        4,
        4,
        0,
        0,
        0,
        0,
        null,
        null,
        null,
        null,
        1,
        4,
        0,
        null,
        4,
        4,
        4,
        null,
        null
      ],
      "/home/ilab/resourcemap/plugins/alerts/models/threshold/comparison_concern.rb": [
        1,
        1,
        null,
        1,
        1,
        null,
        null,
        null,
        1,
        0,
        0,
        0,
        0,
        0,
        0,
        null,
        0,
        null,
        null,
        null,
        1,
        1,
        null,
        null,
        1,
        0,
        null,
        null,
        1,
        2,
        null,
        null,
        1,
        0,
        null,
        null,
        1,
        0,
        null,
        null,
        1,
        0,
        null,
        null
      ],
      "/home/ilab/resourcemap/plugins/channels/models/share_channel.rb": [
        1,
        1,
        1,
        null,
        1,
        1,
        null
      ],
      "/home/ilab/resourcemap/app/models/import_wizard/import_specs.rb": [
        1,
        1,
        21,
        21,
        null,
        21,
        21,
        null,
        null,
        1,
        18,
        null,
        null,
        1,
        21,
        21,
        77,
        null,
        183,
        19,
        1,
        null,
        null,
        181,
        18,
        1,
        null,
        null,
        null,
        null,
        null,
        1,
        432,
        81,
        null,
        null,
        1,
        54,
        null,
        null,
        1,
        44,
        null,
        null,
        1,
        null,
        19,
        19,
        19,
        null,
        null,
        19,
        null,
        null,
        null,
        null,
        19,
        19,
        75,
        17,
        null,
        16,
        null,
        16,
        16,
        16,
        null,
        null,
        null,
        null,
        null,
        19,
        null,
        7,
        7,
        null,
        null,
        1,
        33,
        113,
        null,
        24,
        null,
        33,
        null,
        33,
        null,
        8,
        null,
        8,
        null,
        null,
        null,
        null,
        1,
        null,
        1,
        null,
        21,
        77,
        3,
        null,
        null,
        null,
        null
      ],
      "/home/ilab/resourcemap/app/models/import_wizard/name_field_specs.rb": [
        1,
        1,
        33,
        null,
        null
      ],
      "/home/ilab/resourcemap/app/models/import_wizard/base_field_specs.rb": [
        1,
        1,
        106,
        null,
        null,
        1,
        106,
        null,
        null
      ],
      "/home/ilab/resourcemap/app/models/import_wizard/lat_field_specs.rb": [
        1,
        1,
        8,
        null,
        null
      ],
      "/home/ilab/resourcemap/app/models/import_wizard/lng_field_specs.rb": [
        1,
        1,
        8,
        null,
        null
      ],
      "/home/ilab/resourcemap/app/models/import_wizard/new_field_specs.rb": [
        1,
        1,
        24,
        24,
        null,
        null,
        1,
        24,
        null,
        null,
        24,
        null,
        null,
        24,
        null,
        null,
        11,
        3,
        null,
        10,
        null,
        null,
        11,
        12,
        12,
        null,
        12,
        12,
        null,
        null,
        12,
        null,
        3,
        null,
        3,
        null,
        3,
        null,
        null,
        3,
        null,
        6,
        6,
        null,
        null,
        null,
        9,
        16,
        9,
        7,
        7,
        null,
        null,
        null,
        null,
        null,
        21,
        21,
        null,
        null,
        21,
        null,
        21,
        null,
        null
      ],
      "/home/ilab/resourcemap/app/models/import_wizard/existing_field_specs.rb": [
        1,
        1,
        33,
        33,
        null,
        null,
        1,
        33,
        33,
        null,
        33,
        33,
        null,
        null,
        4,
        4,
        null,
        4,
        4,
        4,
        5,
        5,
        null,
        5,
        5,
        null,
        null,
        null,
        25,
        25,
        null,
        null,
        null,
        null
      ],
      "/home/ilab/resourcemap/app/models/identity.rb": [
        1,
        1,
        null,
        1,
        null
      ]
    },
    "timestamp": 1534855046
  }
}
